<?xml version="1.0" encoding="UTF-8" ?>
<testsuites errors="4"
            failures="2"
            tests="2">

  <testsuite name="locationfinder"
    errors="4" failures="2" hostname="" id="" package="locationfinder" skipped="0"
    tests="2" time="18.36" timestamp="Tue, 13 Feb 2018 02:14:10 GMT">
  
    <testcase name="Navigate to Location Finder" classname="locationfinder" time="17.14" assertions="3">

      <failure message="Testing if element &lt;.lf-ZipSearchContainer&gt; contains text: &#34;Find a Location&#34;. Element could not be located.">    at Object.Navigate to Location Finder (/Users/julius/Nightwatchtest/tests/locationfinder.js:10:20)
    at _combinedTickCallback (internal/process/next_tick.js:131:7)</failure>

      <failure message="Testing if element &lt;#locationFinderInputTitle&gt; contains text: &#34;ZIP or CITY and STATE&#34;. Element could not be located.">    at Object.Navigate to Location Finder (/Users/julius/Nightwatchtest/tests/locationfinder.js:11:20)
    at _combinedTickCallback (internal/process/next_tick.js:131:7)</failure>

    
    </testcase>
  
    <testcase name="Invalid Search Entered" classname="locationfinder" time="1.221" assertions="1">  <failure message="Timed out while waiting for element &lt;div.locationFinderContainer&gt; to be present for 1000 milliseconds.">    at Object.Invalid Search Entered (/Users/julius/Nightwatchtest/tests/locationfinder.js:17:6)
    at _combinedTickCallback (internal/process/next_tick.js:131:7)</failure>

    
    </testcase>
  

  
    <system-err>
      ERROR: Unable to locate element: &#34;.lf-ZipSearchContainer&#34; using: css selector
    at F.command (/usr/local/lib/node_modules/nightwatch/lib/api/assertions/containsText.js:46:21)
    at F.module.exports.BaseAssertion._scheduleAssertion (/usr/local/lib/node_modules/nightwatch/lib/core/assertion.js:87:17)
    at F.module.exports.BaseAssertion._executeCommand (/usr/local/lib/node_modules/nightwatch/lib/core/assertion.js:82:17)
    at AssertionInstance.commandFn [as _commandFn] (/usr/local/lib/node_modules/nightwatch/lib/core/assertion.js:180:21)
    at AsyncTree.runCommand (/usr/local/lib/node_modules/nightwatch/lib/core/queue.js:154:30)
    at AsyncTree.runChildNode (/usr/local/lib/node_modules/nightwatch/lib/core/queue.js:114:8)
    at AsyncTree.walkDown (/usr/local/lib/node_modules/nightwatch/lib/core/queue.js:80:10)
    at AsyncTree.walkUp (/usr/local/lib/node_modules/nightwatch/lib/core/queue.js:97:8)
    at AsyncTree.walkDown (/usr/local/lib/node_modules/nightwatch/lib/core/queue.js:90:12)
    at AsyncTree.traverse (/usr/local/lib/node_modules/nightwatch/lib/core/queue.js:73:8)
ERROR: Unable to locate element: &#34;#locationFinderInputTitle&#34; using: css selector
    at F.command (/usr/local/lib/node_modules/nightwatch/lib/api/assertions/containsText.js:46:21)
    at F.module.exports.BaseAssertion._scheduleAssertion (/usr/local/lib/node_modules/nightwatch/lib/core/assertion.js:87:17)
    at F.module.exports.BaseAssertion._executeCommand (/usr/local/lib/node_modules/nightwatch/lib/core/assertion.js:82:17)
    at AssertionInstance.commandFn [as _commandFn] (/usr/local/lib/node_modules/nightwatch/lib/core/assertion.js:180:21)
    at AsyncTree.runCommand (/usr/local/lib/node_modules/nightwatch/lib/core/queue.js:154:30)
    at AsyncTree.runChildNode (/usr/local/lib/node_modules/nightwatch/lib/core/queue.js:114:8)
    at AsyncTree.walkDown (/usr/local/lib/node_modules/nightwatch/lib/core/queue.js:80:10)
    at AsyncTree.walkUp (/usr/local/lib/node_modules/nightwatch/lib/core/queue.js:97:8)
    at AsyncTree.walkDown (/usr/local/lib/node_modules/nightwatch/lib/core/queue.js:90:12)
    at AsyncTree.walkUp (/usr/local/lib/node_modules/nightwatch/lib/core/queue.js:97:8)
    at AsyncTree.walkDown (/usr/local/lib/node_modules/nightwatch/lib/core/queue.js:90:12)
    at AsyncTree.traverse (/usr/local/lib/node_modules/nightwatch/lib/core/queue.js:73:8)
ERROR: Unable to locate element: &#34;#locationFinderFindALocationInputSearch&#34; using: css selector
    at Object.Invalid Search Entered (/Users/julius/Nightwatchtest/tests/locationfinder.js:15:6)
    at Module.call (/usr/local/lib/node_modules/nightwatch/lib/runner/module.js:62:34)
    at /usr/local/lib/node_modules/nightwatch/lib/runner/testcase.js:70:29
    at _fulfilled (/usr/local/lib/node_modules/nightwatch/node_modules/q/q.js:834:54)
    at self.promiseDispatch.done (/usr/local/lib/node_modules/nightwatch/node_modules/q/q.js:863:30)
    at Promise.promise.promiseDispatch (/usr/local/lib/node_modules/nightwatch/node_modules/q/q.js:796:13)
    at /usr/local/lib/node_modules/nightwatch/node_modules/q/q.js:556:49
    at runSingle (/usr/local/lib/node_modules/nightwatch/node_modules/q/q.js:137:13)
    at flush (/usr/local/lib/node_modules/nightwatch/node_modules/q/q.js:125:13)
    at _combinedTickCallback (internal/process/next_tick.js:131:7)
ERROR: Unable to locate element: &#34;#locationFinderFindALocationInputSearch&#34; using: css selector
    at Object.Invalid Search Entered (/Users/julius/Nightwatchtest/tests/locationfinder.js:16:6)
    at Module.call (/usr/local/lib/node_modules/nightwatch/lib/runner/module.js:62:34)
    at /usr/local/lib/node_modules/nightwatch/lib/runner/testcase.js:70:29
    at _fulfilled (/usr/local/lib/node_modules/nightwatch/node_modules/q/q.js:834:54)
    at self.promiseDispatch.done (/usr/local/lib/node_modules/nightwatch/node_modules/q/q.js:863:30)
    at Promise.promise.promiseDispatch (/usr/local/lib/node_modules/nightwatch/node_modules/q/q.js:796:13)
    at /usr/local/lib/node_modules/nightwatch/node_modules/q/q.js:556:49
    at runSingle (/usr/local/lib/node_modules/nightwatch/node_modules/q/q.js:137:13)
    at flush (/usr/local/lib/node_modules/nightwatch/node_modules/q/q.js:125:13)
    at _combinedTickCallback (internal/process/next_tick.js:131:7)
    </system-err>
  

  
  </testsuite>
</testsuites>
